<?xml version="1.0" encoding="UTF-8"?>
<testsuite name="cz.cvut.fit.tjv.lekinohej.dao.MovieRepositoryTest" tests="2" skipped="0" failures="0" errors="0" timestamp="2024-01-01T12:07:42" hostname="vtn-Z" time="0.131">
  <properties/>
  <testcase name="ListMoviesNotInAnyCinemasTest()" classname="cz.cvut.fit.tjv.lekinohej.dao.MovieRepositoryTest" time="0.115"/>
  <testcase name="ConstraintsViolationTest()" classname="cz.cvut.fit.tjv.lekinohej.dao.MovieRepositoryTest" time="0.014"/>
  <system-out><![CDATA[2024-01-01T13:07:40.677+01:00  INFO 15478 --- [    Test worker] t.c.s.AnnotationConfigContextLoaderUtils : Could not detect default configuration classes for test class [cz.cvut.fit.tjv.lekinohej.dao.MovieRepositoryTest]: MovieRepositoryTest does not declare any static, non-private, non-final, nested classes annotated with @Configuration.
2024-01-01T13:07:40.691+01:00  INFO 15478 --- [    Test worker] .b.t.c.SpringBootTestContextBootstrapper : Found @SpringBootConfiguration cz.cvut.fit.tjv.lekinohej.LeKinoHejApplication for test class cz.cvut.fit.tjv.lekinohej.dao.MovieRepositoryTest

  .   ____          _            __ _ _
 /\\ / ___'_ __ _ _(_)_ __  __ _ \ \ \ \
( ( )\___ | '_ | '_| | '_ \/ _` | \ \ \ \
 \\/  ___)| |_)| | | | | || (_| |  ) ) ) )
  '  |____| .__|_| |_|_| |_\__, | / / / /
 =========|_|==============|___/=/_/_/_/
 :: Spring Boot ::                (v3.1.3)

2024-01-01T13:07:40.716+01:00  INFO 15478 --- [    Test worker] c.c.f.t.l.dao.MovieRepositoryTest        : Starting MovieRepositoryTest using Java 19.0.2 with PID 15478 (started by vtn in /home/vtn/skola/semestr_5/tjv/semestralni_prace/LeKinoHej)
2024-01-01T13:07:40.717+01:00  INFO 15478 --- [    Test worker] c.c.f.t.l.dao.MovieRepositoryTest        : No active profile set, falling back to 1 default profile: "default"
2024-01-01T13:07:40.823+01:00  INFO 15478 --- [    Test worker] .s.d.r.c.RepositoryConfigurationDelegate : Bootstrapping Spring Data JPA repositories in DEFAULT mode.
2024-01-01T13:07:40.862+01:00  INFO 15478 --- [    Test worker] .s.d.r.c.RepositoryConfigurationDelegate : Finished Spring Data repository scanning in 32 ms. Found 3 JPA repository interfaces.
2024-01-01T13:07:40.896+01:00  INFO 15478 --- [    Test worker] beddedDataSourceBeanFactoryPostProcessor : Replacing 'dataSource' DataSource bean with embedded version
2024-01-01T13:07:40.929+01:00  INFO 15478 --- [    Test worker] o.s.j.d.e.EmbeddedDatabaseFactory        : Starting embedded database: url='jdbc:h2:mem:0cf35085-1bd3-4bba-8f36-3c1ed7cf3439;DB_CLOSE_DELAY=-1;DB_CLOSE_ON_EXIT=false', username='sa'
2024-01-01T13:07:40.991+01:00  INFO 15478 --- [    Test worker] o.hibernate.jpa.internal.util.LogHelper  : HHH000204: Processing PersistenceUnitInfo [name: default]
2024-01-01T13:07:41.029+01:00  INFO 15478 --- [    Test worker] org.hibernate.Version                    : HHH000412: Hibernate ORM core version 6.2.7.Final
2024-01-01T13:07:41.031+01:00  INFO 15478 --- [    Test worker] org.hibernate.cfg.Environment            : HHH000406: Using bytecode reflection optimizer
2024-01-01T13:07:41.126+01:00  INFO 15478 --- [    Test worker] o.h.b.i.BytecodeProviderInitiator        : HHH000021: Bytecode provider name : bytebuddy
2024-01-01T13:07:41.135+01:00  INFO 15478 --- [    Test worker] o.s.o.j.p.SpringPersistenceUnitInfo      : No LoadTimeWeaver setup: ignoring JPA class transformer
2024-01-01T13:07:41.160+01:00  WARN 15478 --- [    Test worker] org.hibernate.dialect.Dialect            : HHH000511: The 2.1.0 version for [org.hibernate.dialect.PostgreSQLDialect] is no longer supported, hence certain features may not work properly. The minimum supported version is 10.0.0. Check the community dialects project for available legacy versions.
2024-01-01T13:07:41.341+01:00  INFO 15478 --- [    Test worker] o.h.b.i.BytecodeProviderInitiator        : HHH000021: Bytecode provider name : bytebuddy
2024-01-01T13:07:41.735+01:00  INFO 15478 --- [    Test worker] o.h.e.t.j.p.i.JtaPlatformInitiator       : HHH000490: Using JtaPlatform implementation: [org.hibernate.engine.transaction.jta.platform.internal.NoJtaPlatform]
Hibernate: create table cinema (id bigint not null, name varchar(255) not null, number_of_seats integer check ((number_of_seats>=1) and (number_of_seats<=999)), owner_id bigint, primary key (id))
Hibernate: create table cinema_movies (cinemas_id bigint not null, movies_id bigint not null, primary key (cinemas_id, movies_id))
Hibernate: create table movie (id bigint not null, name varchar(255) not null, rating integer check ((rating>=1) and (rating<=100)), primary key (id))
Hibernate: create table owner (id bigint not null, age integer, name varchar(255) not null, surname varchar(255) not null, primary key (id))
Hibernate: create sequence cinema_seq start with 1 increment by 50
Hibernate: create sequence movie_seq start with 1 increment by 50
Hibernate: create sequence owner_seq start with 1 increment by 50
Hibernate: alter table if exists cinema add constraint FK5sy2bym0suwof9r5v77vofohp foreign key (owner_id) references owner
Hibernate: alter table if exists cinema_movies add constraint FKqkhbyxxv04797921qj1p24kfi foreign key (movies_id) references movie
Hibernate: alter table if exists cinema_movies add constraint FKijih0rx1q45mbbnosy020u5ik foreign key (cinemas_id) references cinema
2024-01-01T13:07:41.770+01:00  INFO 15478 --- [    Test worker] j.LocalContainerEntityManagerFactoryBean : Initialized JPA EntityManagerFactory for persistence unit 'default'
2024-01-01T13:07:41.946+01:00  INFO 15478 --- [    Test worker] o.s.d.j.r.query.QueryEnhancerFactory     : Hibernate is in classpath; If applicable, HQL parser will be used.
2024-01-01T13:07:42.311+01:00  INFO 15478 --- [    Test worker] c.c.f.t.l.dao.MovieRepositoryTest        : Started MovieRepositoryTest in 1.616 seconds (process running for 4.827)
Hibernate: select m1_0.id,m1_0.name,m1_0.rating from movie m1_0 where m1_0.id=?
Hibernate: select nextval('movie_seq')
Hibernate: insert into movie (name,rating,id) values (?,?,?)
Hibernate: select m1_0.id,m1_0.name,m1_0.rating from movie m1_0 left join cinema_movies c1_0 on m1_0.id=c1_0.movies_id where c1_0.cinemas_id is null
]]></system-out>
  <system-err><![CDATA[]]></system-err>
</testsuite>
