<?xml version="1.0" encoding="UTF-8"?>
<testsuite name="cz.cvut.fit.tjv.lekinohej.controller.CinemaControllerTest" tests="3" skipped="0" failures="0" errors="0" timestamp="2024-01-01T12:07:40" hostname="vtn-Z" time="0.107">
  <properties/>
  <testcase name="removeMovieTest()" classname="cz.cvut.fit.tjv.lekinohej.controller.CinemaControllerTest" time="0.091"/>
  <testcase name="assignOwnerTest()" classname="cz.cvut.fit.tjv.lekinohej.controller.CinemaControllerTest" time="0.007"/>
  <testcase name="addMovieTest()" classname="cz.cvut.fit.tjv.lekinohej.controller.CinemaControllerTest" time="0.006"/>
  <system-out><![CDATA[13:07:38.123 [Test worker] INFO org.springframework.test.context.support.AnnotationConfigContextLoaderUtils -- Could not detect default configuration classes for test class [cz.cvut.fit.tjv.lekinohej.controller.CinemaControllerTest]: CinemaControllerTest does not declare any static, non-private, non-final, nested classes annotated with @Configuration.
13:07:38.209 [Test worker] INFO org.springframework.boot.test.context.SpringBootTestContextBootstrapper -- Found @SpringBootConfiguration cz.cvut.fit.tjv.lekinohej.LeKinoHejApplication for test class cz.cvut.fit.tjv.lekinohej.controller.CinemaControllerTest

  .   ____          _            __ _ _
 /\\ / ___'_ __ _ _(_)_ __  __ _ \ \ \ \
( ( )\___ | '_ | '_| | '_ \/ _` | \ \ \ \
 \\/  ___)| |_)| | | | | || (_| |  ) ) ) )
  '  |____| .__|_| |_|_| |_\__, | / / / /
 =========|_|==============|___/=/_/_/_/
 :: Spring Boot ::                (v3.1.3)

2024-01-01T13:07:38.544+01:00  INFO 15478 --- [    Test worker] c.c.f.t.l.c.CinemaControllerTest         : Starting CinemaControllerTest using Java 19.0.2 with PID 15478 (started by vtn in /home/vtn/skola/semestr_5/tjv/semestralni_prace/LeKinoHej)
2024-01-01T13:07:38.547+01:00  INFO 15478 --- [    Test worker] c.c.f.t.l.c.CinemaControllerTest         : No active profile set, falling back to 1 default profile: "default"
2024-01-01T13:07:39.030+01:00  INFO 15478 --- [    Test worker] beddedDataSourceBeanFactoryPostProcessor : Replacing 'dataSource' DataSource bean with embedded version
2024-01-01T13:07:40.374+01:00  INFO 15478 --- [    Test worker] o.s.b.t.m.w.SpringBootMockServletContext : Initializing Spring TestDispatcherServlet ''
2024-01-01T13:07:40.374+01:00  INFO 15478 --- [    Test worker] o.s.t.web.servlet.TestDispatcherServlet  : Initializing Servlet ''
2024-01-01T13:07:40.377+01:00  INFO 15478 --- [    Test worker] o.s.t.web.servlet.TestDispatcherServlet  : Completed initialization in 1 ms
2024-01-01T13:07:40.393+01:00  INFO 15478 --- [    Test worker] o.s.j.d.e.EmbeddedDatabaseFactory        : Starting embedded database: url='jdbc:h2:mem:bbd4352e-88e0-472c-876e-1de572b5dd30;DB_CLOSE_DELAY=-1;DB_CLOSE_ON_EXIT=false', username='sa'
2024-01-01T13:07:40.550+01:00  INFO 15478 --- [    Test worker] c.c.f.t.l.c.CinemaControllerTest         : Started CinemaControllerTest in 2.284 seconds (process running for 3.067)
]]></system-out>
  <system-err><![CDATA[]]></system-err>
</testsuite>
